This is pdfTeX, Version 3.141592653-2.6-1.40.24 (TeX Live 2022) (preloaded format=pdflatex 2022.8.31)  15 JUL 2023 14:58
entering extended mode
 restricted \write18 enabled.
 %&-line parsing enabled.
**Final_Project_Report_TheLastSurvivor.tex
(./Final_Project_Report_TheLastSurvivor.tex
LaTeX2e <2022-06-01> patch level 5
L3 programming layer <2022-08-23>
(c:/texlive/2022/texmf-dist/tex/latex/base/article.cls
Document Class: article 2021/10/04 v1.4n Standard LaTeX document class
(c:/texlive/2022/texmf-dist/tex/latex/base/size12.clo
File: size12.clo 2021/10/04 v1.4n Standard LaTeX file (size option)
)
\c@part=\count185
\c@section=\count186
\c@subsection=\count187
\c@subsubsection=\count188
\c@paragraph=\count189
\c@subparagraph=\count190
\c@figure=\count191
\c@table=\count192
\abovecaptionskip=\skip47
\belowcaptionskip=\skip48
\bibindent=\dimen138
)
(c:/texlive/2022/texmf-dist/tex/latex/graphics/graphicx.sty
Package: graphicx 2021/09/16 v1.2d Enhanced LaTeX Graphics (DPC,SPQR)

(c:/texlive/2022/texmf-dist/tex/latex/graphics/keyval.sty
Package: keyval 2022/05/29 v1.15 key=value parser (DPC)
\KV@toks@=\toks16
)
(c:/texlive/2022/texmf-dist/tex/latex/graphics/graphics.sty
Package: graphics 2022/03/10 v1.4e Standard LaTeX Graphics (DPC,SPQR)

(c:/texlive/2022/texmf-dist/tex/latex/graphics/trig.sty
Package: trig 2021/08/11 v1.11 sin cos tan (DPC)
)
(c:/texlive/2022/texmf-dist/tex/latex/graphics-cfg/graphics.cfg
File: graphics.cfg 2016/06/04 v1.11 sample graphics configuration
)
Package graphics Info: Driver file: pdftex.def on input line 107.

(c:/texlive/2022/texmf-dist/tex/latex/graphics-def/pdftex.def
File: pdftex.def 2020/10/05 v1.2a Graphics/color driver for pdftex
))
\Gin@req@height=\dimen139
\Gin@req@width=\dimen140
)
(c:/texlive/2022/texmf-dist/tex/latex/titlepic/titlepic.sty
Package: titlepic 2017/03/14 1.2 Package to display a picture on the title page

)
(c:/texlive/2022/texmf-dist/tex/latex/base/inputenc.sty
Package: inputenc 2021/02/14 v1.3d Input encoding file
\inpenc@prehook=\toks17
\inpenc@posthook=\toks18
)
(c:/texlive/2022/texmf-dist/tex/latex/geometry/geometry.sty
Package: geometry 2020/01/02 v5.9 Page Geometry

(c:/texlive/2022/texmf-dist/tex/generic/iftex/ifvtex.sty
Package: ifvtex 2019/10/25 v1.7 ifvtex legacy package. Use iftex instead.

(c:/texlive/2022/texmf-dist/tex/generic/iftex/iftex.sty
Package: iftex 2022/02/03 v1.0f TeX engine tests
))
\Gm@cnth=\count193
\Gm@cntv=\count194
\c@Gm@tempcnt=\count195
\Gm@bindingoffset=\dimen141
\Gm@wd@mp=\dimen142
\Gm@odd@mp=\dimen143
\Gm@even@mp=\dimen144
\Gm@layoutwidth=\dimen145
\Gm@layoutheight=\dimen146
\Gm@layouthoffset=\dimen147
\Gm@layoutvoffset=\dimen148
\Gm@dimlist=\toks19
)
(c:/texlive/2022/texmf-dist/tex/latex/amsfonts/amsfonts.sty
Package: amsfonts 2013/01/14 v3.01 Basic AMSFonts support
\@emptytoks=\toks20
\symAMSa=\mathgroup4
\symAMSb=\mathgroup5
LaTeX Font Info:    Redeclaring math symbol \hbar on input line 98.
LaTeX Font Info:    Overwriting math alphabet `\mathfrak' in version `bold'
(Font)                  U/euf/m/n --> U/euf/b/n on input line 106.
)
(c:/texlive/2022/texmf-dist/tex/latex/amsfonts/amssymb.sty
Package: amssymb 2013/01/14 v3.01 AMS font symbols
)
(c:/texlive/2022/texmf-dist/tex/latex/amsmath/amsmath.sty
Package: amsmath 2022/04/08 v2.17n AMS math features
\@mathmargin=\skip49

For additional information on amsmath, use the `?' option.
(c:/texlive/2022/texmf-dist/tex/latex/amsmath/amstext.sty
Package: amstext 2021/08/26 v2.01 AMS text

(c:/texlive/2022/texmf-dist/tex/latex/amsmath/amsgen.sty
File: amsgen.sty 1999/11/30 v2.0 generic functions
\@emptytoks=\toks21
\ex@=\dimen149
))
(c:/texlive/2022/texmf-dist/tex/latex/amsmath/amsbsy.sty
Package: amsbsy 1999/11/29 v1.2d Bold Symbols
\pmbraise@=\dimen150
)
(c:/texlive/2022/texmf-dist/tex/latex/amsmath/amsopn.sty
Package: amsopn 2022/04/08 v2.04 operator names
)
\inf@bad=\count196
LaTeX Info: Redefining \frac on input line 234.
\uproot@=\count197
\leftroot@=\count198
LaTeX Info: Redefining \overline on input line 399.
LaTeX Info: Redefining \colon on input line 410.
\classnum@=\count199
\DOTSCASE@=\count266
LaTeX Info: Redefining \ldots on input line 496.
LaTeX Info: Redefining \dots on input line 499.
LaTeX Info: Redefining \cdots on input line 620.
\Mathstrutbox@=\box51
\strutbox@=\box52
LaTeX Info: Redefining \big on input line 722.
LaTeX Info: Redefining \Big on input line 723.
LaTeX Info: Redefining \bigg on input line 724.
LaTeX Info: Redefining \Bigg on input line 725.
\big@size=\dimen151
LaTeX Font Info:    Redeclaring font encoding OML on input line 743.
LaTeX Font Info:    Redeclaring font encoding OMS on input line 744.
\macc@depth=\count267
LaTeX Info: Redefining \bmod on input line 905.
LaTeX Info: Redefining \pmod on input line 910.
LaTeX Info: Redefining \smash on input line 940.
LaTeX Info: Redefining \relbar on input line 970.
LaTeX Info: Redefining \Relbar on input line 971.
\c@MaxMatrixCols=\count268
\dotsspace@=\muskip16
\c@parentequation=\count269
\dspbrk@lvl=\count270
\tag@help=\toks22
\row@=\count271
\column@=\count272
\maxfields@=\count273
\andhelp@=\toks23
\eqnshift@=\dimen152
\alignsep@=\dimen153
\tagshift@=\dimen154
\tagwidth@=\dimen155
\totwidth@=\dimen156
\lineht@=\dimen157
\@envbody=\toks24
\multlinegap=\skip50
\multlinetaggap=\skip51
\mathdisplay@stack=\toks25
LaTeX Info: Redefining \[ on input line 2953.
LaTeX Info: Redefining \] on input line 2954.
)
(c:/texlive/2022/texmf-dist/tex/latex/fancyhdr/fancyhdr.sty
Package: fancyhdr 2022/05/18 v4.0.3 Extensive control of page headers and foote
rs
\f@nch@headwidth=\skip52
\f@nch@O@elh=\skip53
\f@nch@O@erh=\skip54
\f@nch@O@olh=\skip55
\f@nch@O@orh=\skip56
\f@nch@O@elf=\skip57
\f@nch@O@erf=\skip58
\f@nch@O@olf=\skip59
\f@nch@O@orf=\skip60
)
(c:/texlive/2022/texmf-dist/tex/latex/hyperref/hyperref.sty
Package: hyperref 2022-06-20 v7.00s Hypertext links for LaTeX

(c:/texlive/2022/texmf-dist/tex/generic/ltxcmds/ltxcmds.sty
Package: ltxcmds 2020-05-10 v1.25 LaTeX kernel commands for general use (HO)
)
(c:/texlive/2022/texmf-dist/tex/generic/pdftexcmds/pdftexcmds.sty
Package: pdftexcmds 2020-06-27 v0.33 Utility functions of pdfTeX for LuaTeX (HO
)

(c:/texlive/2022/texmf-dist/tex/generic/infwarerr/infwarerr.sty
Package: infwarerr 2019/12/03 v1.5 Providing info/warning/error messages (HO)
)
Package pdftexcmds Info: \pdf@primitive is available.
Package pdftexcmds Info: \pdf@ifprimitive is available.
Package pdftexcmds Info: \pdfdraftmode found.
)
(c:/texlive/2022/texmf-dist/tex/generic/kvsetkeys/kvsetkeys.sty
Package: kvsetkeys 2019/12/15 v1.18 Key value parser (HO)
)
(c:/texlive/2022/texmf-dist/tex/generic/kvdefinekeys/kvdefinekeys.sty
Package: kvdefinekeys 2019-12-19 v1.6 Define keys (HO)
)
(c:/texlive/2022/texmf-dist/tex/generic/pdfescape/pdfescape.sty
Package: pdfescape 2019/12/09 v1.15 Implements pdfTeX's escape features (HO)
)
(c:/texlive/2022/texmf-dist/tex/latex/hycolor/hycolor.sty
Package: hycolor 2020-01-27 v1.10 Color options for hyperref/bookmark (HO)
)
(c:/texlive/2022/texmf-dist/tex/latex/letltxmacro/letltxmacro.sty
Package: letltxmacro 2019/12/03 v1.6 Let assignment for LaTeX macros (HO)
)
(c:/texlive/2022/texmf-dist/tex/latex/auxhook/auxhook.sty
Package: auxhook 2019-12-17 v1.6 Hooks for auxiliary files (HO)
)
(c:/texlive/2022/texmf-dist/tex/latex/hyperref/nameref.sty
Package: nameref 2022-05-17 v2.50 Cross-referencing by name of section

(c:/texlive/2022/texmf-dist/tex/latex/refcount/refcount.sty
Package: refcount 2019/12/15 v3.6 Data extraction from label references (HO)
)
(c:/texlive/2022/texmf-dist/tex/generic/gettitlestring/gettitlestring.sty
Package: gettitlestring 2019/12/15 v1.6 Cleanup title references (HO)

(c:/texlive/2022/texmf-dist/tex/latex/kvoptions/kvoptions.sty
Package: kvoptions 2022-06-15 v3.15 Key value format for package options (HO)
))
\c@section@level=\count274
)
\@linkdim=\dimen158
\Hy@linkcounter=\count275
\Hy@pagecounter=\count276

(c:/texlive/2022/texmf-dist/tex/latex/hyperref/pd1enc.def
File: pd1enc.def 2022-06-20 v7.00s Hyperref: PDFDocEncoding definition (HO)
Now handling font encoding PD1 ...
... no UTF-8 mapping file for font encoding PD1
)
(c:/texlive/2022/texmf-dist/tex/generic/intcalc/intcalc.sty
Package: intcalc 2019/12/15 v1.3 Expandable calculations with integers (HO)
)
(c:/texlive/2022/texmf-dist/tex/generic/etexcmds/etexcmds.sty
Package: etexcmds 2019/12/15 v1.7 Avoid name clashes with e-TeX commands (HO)
)
\Hy@SavedSpaceFactor=\count277

(c:/texlive/2022/texmf-dist/tex/latex/hyperref/puenc.def
File: puenc.def 2022-06-20 v7.00s Hyperref: PDF Unicode definition (HO)
Now handling font encoding PU ...
... no UTF-8 mapping file for font encoding PU
)
Package hyperref Info: Hyper figures OFF on input line 4162.
Package hyperref Info: Link nesting OFF on input line 4167.
Package hyperref Info: Hyper index ON on input line 4170.
Package hyperref Info: Plain pages OFF on input line 4177.
Package hyperref Info: Backreferencing OFF on input line 4182.
Package hyperref Info: Implicit mode ON; LaTeX internals redefined.
Package hyperref Info: Bookmarks ON on input line 4408.
\c@Hy@tempcnt=\count278

(c:/texlive/2022/texmf-dist/tex/latex/url/url.sty
\Urlmuskip=\muskip17
Package: url 2013/09/16  ver 3.4  Verb mode for urls, etc.
)
LaTeX Info: Redefining \url on input line 4746.
\XeTeXLinkMargin=\dimen159

(c:/texlive/2022/texmf-dist/tex/generic/bitset/bitset.sty
Package: bitset 2019/12/09 v1.3 Handle bit-vector datatype (HO)

(c:/texlive/2022/texmf-dist/tex/generic/bigintcalc/bigintcalc.sty
Package: bigintcalc 2019/12/15 v1.5 Expandable calculations on big integers (HO
)
))
\Fld@menulength=\count279
\Field@Width=\dimen160
\Fld@charsize=\dimen161
Package hyperref Info: Hyper figures OFF on input line 6024.
Package hyperref Info: Link nesting OFF on input line 6029.
Package hyperref Info: Hyper index ON on input line 6032.
Package hyperref Info: backreferencing OFF on input line 6039.
Package hyperref Info: Link coloring OFF on input line 6044.
Package hyperref Info: Link coloring with OCG OFF on input line 6049.
Package hyperref Info: PDF/A mode OFF on input line 6054.

(c:/texlive/2022/texmf-dist/tex/latex/base/atbegshi-ltx.sty
Package: atbegshi-ltx 2021/01/10 v1.0c Emulation of the original atbegshi
package with kernel methods
)
\Hy@abspage=\count280
\c@Item=\count281
\c@Hfootnote=\count282
)
Package hyperref Info: Driver (autodetected): hpdftex.

(c:/texlive/2022/texmf-dist/tex/latex/hyperref/hpdftex.def
File: hpdftex.def 2022-06-20 v7.00s Hyperref driver for pdfTeX

(c:/texlive/2022/texmf-dist/tex/latex/base/atveryend-ltx.sty
Package: atveryend-ltx 2020/08/19 v1.0a Emulation of the original atveryend pac
kage
with kernel methods
)
\Fld@listcount=\count283
\c@bookmark@seq@number=\count284

(c:/texlive/2022/texmf-dist/tex/latex/rerunfilecheck/rerunfilecheck.sty
Package: rerunfilecheck 2022-07-10 v1.10 Rerun checks for auxiliary files (HO)

(c:/texlive/2022/texmf-dist/tex/generic/uniquecounter/uniquecounter.sty
Package: uniquecounter 2019/12/15 v1.4 Provide unlimited unique counter (HO)
)
Package uniquecounter Info: New unique counter `rerunfilecheck' on input line 2
85.
)
\Hy@SectionHShift=\skip61
)
(c:/texlive/2022/texmf-dist/tex/latex/listings/listings.sty
\lst@mode=\count285
\lst@gtempboxa=\box53
\lst@token=\toks26
\lst@length=\count286
\lst@currlwidth=\dimen162
\lst@column=\count287
\lst@pos=\count288
\lst@lostspace=\dimen163
\lst@width=\dimen164
\lst@newlines=\count289
\lst@lineno=\count290
\lst@maxwidth=\dimen165

(c:/texlive/2022/texmf-dist/tex/latex/listings/lstmisc.sty
File: lstmisc.sty 2020/03/24 1.8d (Carsten Heinz)
\c@lstnumber=\count291
\lst@skipnumbers=\count292
\lst@framebox=\box54
)
(c:/texlive/2022/texmf-dist/tex/latex/listings/listings.cfg
File: listings.cfg 2020/03/24 1.8d listings configuration
))
Package: listings 2020/03/24 1.8d (Carsten Heinz)

(c:/texlive/2022/texmf-dist/tex/latex/xcolor/xcolor.sty
Package: xcolor 2022/06/12 v2.14 LaTeX color extensions (UK)

(c:/texlive/2022/texmf-dist/tex/latex/graphics-cfg/color.cfg
File: color.cfg 2016/01/02 v1.6 sample color configuration
)
Package xcolor Info: Driver file: pdftex.def on input line 227.

(c:/texlive/2022/texmf-dist/tex/latex/graphics/mathcolor.ltx)
Package xcolor Info: Model `cmy' substituted by `cmy0' on input line 1353.
Package xcolor Info: Model `hsb' substituted by `rgb' on input line 1357.
Package xcolor Info: Model `RGB' extended on input line 1369.
Package xcolor Info: Model `HTML' substituted by `rgb' on input line 1371.
Package xcolor Info: Model `Hsb' substituted by `hsb' on input line 1372.
Package xcolor Info: Model `tHsb' substituted by `hsb' on input line 1373.
Package xcolor Info: Model `HSB' substituted by `hsb' on input line 1374.
Package xcolor Info: Model `Gray' substituted by `gray' on input line 1375.
Package xcolor Info: Model `wave' substituted by `hsb' on input line 1376.
)
(c:/texlive/2022/texmf-dist/tex/latex/adjustbox/adjustbox.sty
Package: adjustbox 2020/08/19 v1.3 Adjusting TeX boxes (trim, clip, ...)

(c:/texlive/2022/texmf-dist/tex/latex/xkeyval/xkeyval.sty
Package: xkeyval 2022/06/16 v2.9 package option processing (HA)

(c:/texlive/2022/texmf-dist/tex/generic/xkeyval/xkeyval.tex
(c:/texlive/2022/texmf-dist/tex/generic/xkeyval/xkvutils.tex
\XKV@toks=\toks27
\XKV@tempa@toks=\toks28
)
\XKV@depth=\count293
File: xkeyval.tex 2014/12/03 v2.7a key=value parser (HA)
))
(c:/texlive/2022/texmf-dist/tex/latex/adjustbox/adjcalc.sty
Package: adjcalc 2012/05/16 v1.1 Provides advanced setlength with multiple back
-ends (calc, etex, pgfmath)
)
(c:/texlive/2022/texmf-dist/tex/latex/adjustbox/trimclip.sty
Package: trimclip 2020/08/19 v1.2 Trim and clip general TeX material

(c:/texlive/2022/texmf-dist/tex/latex/collectbox/collectbox.sty
Package: collectbox 2012/05/17 v0.4b Collect macro arguments as boxes
\collectedbox=\box55
)
\tc@llx=\dimen166
\tc@lly=\dimen167
\tc@urx=\dimen168
\tc@ury=\dimen169
Package trimclip Info: Using driver 'tc-pdftex.def'.

(c:/texlive/2022/texmf-dist/tex/latex/adjustbox/tc-pdftex.def
File: tc-pdftex.def 2019/01/04 v2.2 Clipping driver for pdftex
))
\adjbox@Width=\dimen170
\adjbox@Height=\dimen171
\adjbox@Depth=\dimen172
\adjbox@Totalheight=\dimen173
\adjbox@pwidth=\dimen174
\adjbox@pheight=\dimen175
\adjbox@pdepth=\dimen176
\adjbox@ptotalheight=\dimen177

(c:/texlive/2022/texmf-dist/tex/latex/ifoddpage/ifoddpage.sty
Package: ifoddpage 2016/04/23 v1.1 Conditionals for odd/even page detection
\c@checkoddpage=\count294
)
(c:/texlive/2022/texmf-dist/tex/latex/varwidth/varwidth.sty
Package: varwidth 2009/03/30 ver 0.92;  Variable-width minipages
\@vwid@box=\box56
\sift@deathcycles=\count295
\@vwid@loff=\dimen178
\@vwid@roff=\dimen179
))
(c:/texlive/2022/texmf-dist/tex/latex/etoolbox/etoolbox.sty
Package: etoolbox 2020/10/05 v2.5k e-TeX tools for LaTeX (JAW)
\etb@tempcnta=\count296
)
(c:/texlive/2022/texmf-dist/tex/latex/tocbibind/tocbibind.sty
Package: tocbibind 2010/10/13 v1.5k extra ToC listings
Package tocbibind Info: The document has section divisions on input line 50.


Package tocbibind Note: Using section or other style headings.

) (c:/texlive/2022/texmf-dist/tex/latex/appendix/appendix.sty
Package: appendix 2020/02/08 v1.2c extra appendix facilities
\c@@pps=\count297
\c@@ppsavesec=\count298
\c@@ppsaveapp=\count299
)
(c:/texlive/2022/texmf-dist/tex/latex/tools/multicol.sty
Package: multicol 2021/11/30 v1.9d multicolumn formatting (FMi)
\c@tracingmulticols=\count300
\mult@box=\box57
\multicol@leftmargin=\dimen180
\c@unbalance=\count301
\c@collectmore=\count302
\doublecol@number=\count303
\multicoltolerance=\count304
\multicolpretolerance=\count305
\full@width=\dimen181
\page@free=\dimen182
\premulticols=\dimen183
\postmulticols=\dimen184
\multicolsep=\skip62
\multicolbaselineskip=\skip63
\partial@page=\box58
\last@line=\box59
\maxbalancingoverflow=\dimen185
\mult@rightbox=\box60
\mult@grightbox=\box61
\mult@firstbox=\box62
\mult@gfirstbox=\box63
\@tempa=\box64
\@tempa=\box65
\@tempa=\box66
\@tempa=\box67
\@tempa=\box68
\@tempa=\box69
\@tempa=\box70
\@tempa=\box71
\@tempa=\box72
\@tempa=\box73
\@tempa=\box74
\@tempa=\box75
\@tempa=\box76
\@tempa=\box77
\@tempa=\box78
\@tempa=\box79
\@tempa=\box80
\@tempa=\box81
\@tempa=\box82
\@tempa=\box83
\@tempa=\box84
\@tempa=\box85
\@tempa=\box86
\@tempa=\box87
\@tempa=\box88
\@tempa=\box89
\@tempa=\box90
\@tempa=\box91
\@tempa=\box92
\@tempa=\box93
\@tempa=\box94
\@tempa=\box95
\@tempa=\box96
\@tempa=\box97
\@tempa=\box98
\@tempa=\box99
\c@minrows=\count306
\c@columnbadness=\count307
\c@finalcolumnbadness=\count308
\last@try=\dimen186
\multicolovershoot=\dimen187
\multicolundershoot=\dimen188
\mult@nat@firstbox=\box100
\colbreak@box=\box101
\mc@col@check@num=\count309
)
(c:/texlive/2022/texmf-dist/tex/latex/leftidx/leftidx.sty
Package: leftidx 2003/09/24 v1.03 Left indices
)
(c:/texlive/2022/texmf-dist/tex/latex/ragged2e/ragged2e.sty
Package: ragged2e 2021/12/15 v3.1 ragged2e Package
\CenteringLeftskip=\skip64
\RaggedLeftLeftskip=\skip65
\RaggedRightLeftskip=\skip66
\CenteringRightskip=\skip67
\RaggedLeftRightskip=\skip68
\RaggedRightRightskip=\skip69
\CenteringParfillskip=\skip70
\RaggedLeftParfillskip=\skip71
\RaggedRightParfillskip=\skip72
\JustifyingParfillskip=\skip73
\CenteringParindent=\skip74
\RaggedLeftParindent=\skip75
\RaggedRightParindent=\skip76
\JustifyingParindent=\skip77
)
(c:/texlive/2022/texmf-dist/tex/latex/mathtools/mathtools.sty
Package: mathtools 2022/06/29 v1.29 mathematical typesetting tools

(c:/texlive/2022/texmf-dist/tex/latex/tools/calc.sty
Package: calc 2017/05/25 v4.3 Infix arithmetic (KKT,FJ)
\calc@Acount=\count310
\calc@Bcount=\count311
\calc@Adimen=\dimen189
\calc@Bdimen=\dimen190
\calc@Askip=\skip78
\calc@Bskip=\skip79
LaTeX Info: Redefining \setlength on input line 80.
LaTeX Info: Redefining \addtolength on input line 81.
\calc@Ccount=\count312
\calc@Cskip=\skip80
)
(c:/texlive/2022/texmf-dist/tex/latex/mathtools/mhsetup.sty
Package: mhsetup 2021/03/18 v1.4 programming setup (MH)
)
\g_MT_multlinerow_int=\count313
\l_MT_multwidth_dim=\dimen191
\origjot=\skip81
\l_MT_shortvdotswithinadjustabove_dim=\dimen192
\l_MT_shortvdotswithinadjustbelow_dim=\dimen193
\l_MT_above_intertext_sep=\dimen194
\l_MT_below_intertext_sep=\dimen195
\l_MT_above_shortintertext_sep=\dimen196
\l_MT_below_shortintertext_sep=\dimen197
\xmathstrut@box=\box102
\xmathstrut@dim=\dimen198
)
(c:/texlive/2022/texmf-dist/tex/latex/units/units.sty
Package: units 1998/08/04 v0.9b Typesetting units

(c:/texlive/2022/texmf-dist/tex/latex/base/ifthen.sty
Package: ifthen 2022/04/13 v1.1d Standard LaTeX ifthen package (DPC)
)
(c:/texlive/2022/texmf-dist/tex/latex/units/nicefrac.sty
Package: nicefrac 1998/08/04 v0.9b Nice fractions
\L@UnitsRaiseDisplaystyle=\skip82
\L@UnitsRaiseTextstyle=\skip83
\L@UnitsRaiseScriptstyle=\skip84
))
(c:/texlive/2022/texmf-dist/tex/latex/float/float.sty
Package: float 2001/11/08 v1.3d Float enhancements (AL)
\c@float@type=\count314
\float@exts=\toks29
\float@box=\box103
\@float@everytoks=\toks30
\@floatcapt=\box104
)
(c:/texlive/2022/texmf-dist/tex/latex/caption/subcaption.sty
Package: subcaption 2022/01/07 v1.5 Sub-captions (AR)

(c:/texlive/2022/texmf-dist/tex/latex/caption/caption.sty
Package: caption 2022/03/01 v3.6b Customizing captions (AR)

(c:/texlive/2022/texmf-dist/tex/latex/caption/caption3.sty
Package: caption3 2022/03/17 v2.3b caption3 kernel (AR)
\caption@tempdima=\dimen199
\captionmargin=\dimen256
\caption@leftmargin=\dimen257
\caption@rightmargin=\dimen258
\caption@width=\dimen259
\caption@indent=\dimen260
\caption@parindent=\dimen261
\caption@hangindent=\dimen262
Package caption Info: Standard document class detected.
)
\c@caption@flags=\count315
\c@continuedfloat=\count316
Package caption Info: float package is loaded.
Package caption Info: hyperref package is loaded.
Package caption Info: listings package is loaded.
)
\c@subfigure=\count317
\c@subtable=\count318
)
(c:/texlive/2022/texmf-dist/tex/latex/commath/commath.sty)
(c:/texlive/2022/texmf-dist/tex/latex/amscls/amsthm.sty
Package: amsthm 2020/05/29 v2.20.6
\thm@style=\toks31
\thm@bodyfont=\toks32
\thm@headfont=\toks33
\thm@notefont=\toks34
\thm@headpunct=\toks35
\thm@preskip=\skip85
\thm@postskip=\skip86
\thm@headsep=\skip87
\dth@everypar=\toks36
)
\c@definition=\count319
\c@theorem=\count320

(c:/texlive/2022/texmf-dist/tex/latex/hyphenat/hyphenat.sty
Package: hyphenat 2009/09/02 v2.3c hyphenation utilities
\langwohyphens=\language87
LaTeX Info: Redefining \_ on input line 43.
)
(c:/texlive/2022/texmf-dist/tex/latex/subfiles/subfiles.sty
Package: subfiles 2020/11/14 v2.2 Multi-file projects (package)

(c:/texlive/2022/texmf-dist/tex/latex/import/import.sty
Package: import 2020/04/01  v 6.2
))
(c:/texlive/2022/texmf-dist/tex/latex/imakeidx/imakeidx.sty
Package: imakeidx 2016/10/15 v1.3e Package for typesetting indices in a synchro
nous mode

(c:/texlive/2022/texmf-dist/tex/generic/iftex/ifxetex.sty
Package: ifxetex 2019/10/25 v0.7 ifxetex legacy package. Use iftex instead.
)
(c:/texlive/2022/texmf-dist/tex/generic/iftex/ifluatex.sty
Package: ifluatex 2019/10/25 v1.5 ifluatex legacy package. Use iftex instead.
))
(c:/texlive/2022/texmf-dist/tex/latex/l3backend/l3backend-pdftex.def
File: l3backend-pdftex.def 2022-08-23 L3 backend support: PDF output (pdfTeX)
\l__color_backend_stack_int=\count321
\l__pdf_internal_box=\box105
)
(./Final_Project_Report_TheLastSurvivor.aux (./title.aux))
\openout1 = `Final_Project_Report_TheLastSurvivor.aux'.

LaTeX Font Info:    Checking defaults for OML/cmm/m/it on input line 87.
LaTeX Font Info:    ... okay on input line 87.
LaTeX Font Info:    Checking defaults for OMS/cmsy/m/n on input line 87.
LaTeX Font Info:    ... okay on input line 87.
LaTeX Font Info:    Checking defaults for OT1/cmr/m/n on input line 87.
LaTeX Font Info:    ... okay on input line 87.
LaTeX Font Info:    Checking defaults for T1/cmr/m/n on input line 87.
LaTeX Font Info:    ... okay on input line 87.
LaTeX Font Info:    Checking defaults for TS1/cmr/m/n on input line 87.
LaTeX Font Info:    ... okay on input line 87.
LaTeX Font Info:    Checking defaults for OMX/cmex/m/n on input line 87.
LaTeX Font Info:    ... okay on input line 87.
LaTeX Font Info:    Checking defaults for U/cmr/m/n on input line 87.
LaTeX Font Info:    ... okay on input line 87.
LaTeX Font Info:    Checking defaults for PD1/pdf/m/n on input line 87.
LaTeX Font Info:    ... okay on input line 87.
LaTeX Font Info:    Checking defaults for PU/pdf/m/n on input line 87.
LaTeX Font Info:    ... okay on input line 87.

(c:/texlive/2022/texmf-dist/tex/context/base/mkii/supp-pdf.mkii
[Loading MPS to PDF converter (version 2006.09.02).]
\scratchcounter=\count322
\scratchdimen=\dimen263
\scratchbox=\box106
\nofMPsegments=\count323
\nofMParguments=\count324
\everyMPshowfont=\toks37
\MPscratchCnt=\count325
\MPscratchDim=\dimen264
\MPnumerator=\count326
\makeMPintoPDFobject=\count327
\everyMPtoPDFconversion=\toks38
) (c:/texlive/2022/texmf-dist/tex/latex/epstopdf-pkg/epstopdf-base.sty
Package: epstopdf-base 2020-01-24 v2.11 Base part for package epstopdf
Package epstopdf-base Info: Redefining graphics rule for `.eps' on input line 4
85.

(c:/texlive/2022/texmf-dist/tex/latex/latexconfig/epstopdf-sys.cfg
File: epstopdf-sys.cfg 2010/07/13 v1.3 Configuration of (r)epstopdf for TeX Liv
e
))
*geometry* driver: auto-detecting
*geometry* detected driver: pdftex
*geometry* verbose mode - [ preamble ] result:
* driver: pdftex
* paper: a4paper
* layout: <same size as paper>
* layoutoffset:(h,v)=(0.0pt,0.0pt)
* modes: 
* h-part:(L,W,R)=(79.49744pt, 438.513pt, 79.49744pt)
* v-part:(T,H,B)=(72.26999pt, 700.50687pt, 72.26999pt)
* \paperwidth=597.50787pt
* \paperheight=845.04684pt
* \textwidth=438.513pt
* \textheight=700.50687pt
* \oddsidemargin=7.22745pt
* \evensidemargin=7.22745pt
* \topmargin=-37.0pt
* \headheight=12.0pt
* \headsep=25.0pt
* \topskip=12.0pt
* \footskip=30.0pt
* \marginparwidth=35.0pt
* \marginparsep=10.0pt
* \columnsep=10.0pt
* \skip\footins=10.8pt plus 4.0pt minus 2.0pt
* \hoffset=0.0pt
* \voffset=0.0pt
* \mag=1000
* \@twocolumnfalse
* \@twosidefalse
* \@mparswitchfalse
* \@reversemarginfalse
* (1in=72.27pt=25.4mm, 1cm=28.453pt)

Package hyperref Info: Link coloring OFF on input line 87.
(./Final_Project_Report_TheLastSurvivor.out)
(./Final_Project_Report_TheLastSurvivor.out)
\@outlinefile=\write3
\openout3 = `Final_Project_Report_TheLastSurvivor.out'.

\c@lstlisting=\count328
Package caption Info: Begin \AtBeginDocument code.
Package caption Info: End \AtBeginDocument code.
\openout2 = `title.aux'.

 (./title.tex
<figures/SapienzaLogo.pdf, id=76, 284.52731pt x 85.33737pt>
File: figures/SapienzaLogo.pdf Graphic file (type pdf)
<use figures/SapienzaLogo.pdf>
Package pdftex.def Info: figures/SapienzaLogo.pdf  used on input line 4.
(pdftex.def)             Requested size: 213.39496pt x 64.00287pt.
LaTeX Font Info:    Trying to load font information for U+msa on input line 22.


(c:/texlive/2022/texmf-dist/tex/latex/amsfonts/umsa.fd
File: umsa.fd 2013/01/14 v3.01 AMS symbols A
)
LaTeX Font Info:    Trying to load font information for U+msb on input line 22.


(c:/texlive/2022/texmf-dist/tex/latex/amsfonts/umsb.fd
File: umsb.fd 2013/01/14 v3.01 AMS symbols B
)

! LaTeX Error: There's no line here to end.

See the LaTeX manual or LaTeX Companion for explanation.
Type  H <return>  for immediate help.
 ...                                              
                                                  
l.28 			\theauthor
                  
Your command was ignored.
Type  I <command> <return>  to replace it with another command,
or  <return>  to continue without it.


! LaTeX Error: There's no line here to end.

See the LaTeX manual or LaTeX Companion for explanation.
Type  H <return>  for immediate help.
 ...                                              
                                                  
l.28 			\theauthor
                  
Your command was ignored.
Type  I <command> <return>  to replace it with another command,
or  <return>  to continue without it.

[1


{c:/texlive/2022/texmf-var/fonts/map/pdftex/updmap/pdftex.map} <./figures/Sapie
nzaLogo.pdf>]) (./Final_Project_Report_TheLastSurvivor.toc)
\tf@toc=\write4
\openout4 = `Final_Project_Report_TheLastSurvivor.toc'.


pdfTeX warning (ext4): destination with the same identifier (name{page.1}) has 
been already used, duplicate ignored
<to be read again> 
                   \relax 
l.93 \newpage
              [1


] [2]
Underfull \hbox (badness 10000) in paragraph at lines 131--134

 []

[3] [4] [5]
<figures/pistol.png, id=137, 1028.34187pt x 578.16pt>
File: figures/pistol.png Graphic file (type png)
<use figures/pistol.png>
Package pdftex.def Info: figures/pistol.png  used on input line 222.
(pdftex.def)             Requested size: 139.50433pt x 78.42757pt.
<figures/assault.png, id=138, 1028.34187pt x 578.16pt>
File: figures/assault.png Graphic file (type png)
<use figures/assault.png>
Package pdftex.def Info: figures/assault.png  used on input line 223.
(pdftex.def)             Requested size: 139.50433pt x 78.42757pt.
<figures/sniper.png, id=139, 1028.34187pt x 578.16pt>
File: figures/sniper.png Graphic file (type png)
<use figures/sniper.png>
Package pdftex.def Info: figures/sniper.png  used on input line 224.
(pdftex.def)             Requested size: 139.50433pt x 78.42757pt.
 [6] [7 <./figures/pistol.png> <./figures/assault.png> <./figures/sniper.png>]
<figures/pistol_aim.png, id=154, 1028.34187pt x 578.16pt>
File: figures/pistol_aim.png Graphic file (type png)
<use figures/pistol_aim.png>
Package pdftex.def Info: figures/pistol_aim.png  used on input line 249.
(pdftex.def)             Requested size: 139.50433pt x 78.42757pt.
<figures/assault_aim.png, id=155, 1028.34187pt x 578.16pt>
File: figures/assault_aim.png Graphic file (type png)
<use figures/assault_aim.png>
Package pdftex.def Info: figures/assault_aim.png  used on input line 250.
(pdftex.def)             Requested size: 139.50433pt x 78.42757pt.
<figures/sniper_aim.png, id=156, 1028.34187pt x 578.16pt>
File: figures/sniper_aim.png Graphic file (type png)
<use figures/sniper_aim.png>
Package pdftex.def Info: figures/sniper_aim.png  used on input line 251.
(pdftex.def)             Requested size: 139.50433pt x 78.42757pt.
<figures/zombie.jpg, id=157, 148.30406pt x 307.90031pt>
File: figures/zombie.jpg Graphic file (type jpg)
<use figures/zombie.jpg>
Package pdftex.def Info: figures/zombie.jpg  used on input line 268.
(pdftex.def)             Requested size: 87.70125pt x 182.08713pt.

Overfull \hbox (17.62482pt too wide) in paragraph at lines 268--268
[][] 
 []

[8 <./figures/pistol_aim.png> <./figures/assault_aim.png> <./figures/sniper_aim
.png> <./figures/zombie.jpg>]
<figures/Ammobox.png, id=163, 194.97844pt x 368.87813pt>
File: figures/Ammobox.png Graphic file (type png)
<use figures/Ammobox.png>
Package pdftex.def Info: figures/Ammobox.png  used on input line 287.
(pdftex.def)             Requested size: 113.24821pt x 214.2565pt.
<figures/Luckybox.png, id=164, 363.60844pt x 322.95656pt>
File: figures/Luckybox.png Graphic file (type png)
<use figures/Luckybox.png>
Package pdftex.def Info: figures/Luckybox.png  used on input line 288.
(pdftex.def)             Requested size: 214.2565pt x 190.30617pt.
<figures/dust_2.jpg, id=165, 292.0pt x 180.31pt>
File: figures/dust_2.jpg Graphic file (type jpg)
<use figures/dust_2.jpg>
Package pdftex.def Info: figures/dust_2.jpg  used on input line 297.
(pdftex.def)             Requested size: 263.11047pt x 162.48659pt.
 [9] [10 <./figures/Ammobox.png> <./figures/Luckybox.png> <./figures/dust_2.jpg
>] [11] [12]
(./Final_Project_Report_TheLastSurvivor.aux (./title.aux))
Package rerunfilecheck Info: File `Final_Project_Report_TheLastSurvivor.out' ha
s not changed.
(rerunfilecheck)             Checksum: C420B122F0CC177B3E1616A8DAE8E06D;2324.
 ) 
Here is how much of TeX's memory you used:
 16720 strings out of 477529
 270104 string characters out of 5829600
 578562 words of memory out of 5000000
 35329 multiletter control sequences out of 15000+600000
 480216 words of font info for 69 fonts, out of 8000000 for 9000
 1141 hyphenation exceptions out of 8191
 83i,8n,131p,1099b,569s stack positions out of 10000i,1000n,20000p,200000b,200000s
{c:/texlive/2022/texmf-dist/fonts/enc/dvips/cm-super/cm-super-ts1.enc}<c:/tex
live/2022/texmf-dist/fonts/type1/public/amsfonts/cm/cmbx12.pfb><c:/texlive/2022
/texmf-dist/fonts/type1/public/amsfonts/cm/cmcsc10.pfb><c:/texlive/2022/texmf-d
ist/fonts/type1/public/amsfonts/cm/cmr10.pfb><c:/texlive/2022/texmf-dist/fonts/
type1/public/amsfonts/cm/cmr12.pfb><c:/texlive/2022/texmf-dist/fonts/type1/publ
ic/amsfonts/cm/cmti12.pfb><c:/texlive/2022/texmf-dist/fonts/type1/public/cm-sup
er/sfrm1200.pfb>
Output written on Final_Project_Report_TheLastSurvivor.pdf (13 pages, 13421145 
bytes).
PDF statistics:
 232 PDF objects out of 1000 (max. 8388607)
 192 compressed objects within 2 object streams
 52 named destinations out of 1000 (max. 500000)
 200 words of extra memory for PDF output out of 10000 (max. 10000000)

